--------- beginning of main
02-04 05:13:17.389  6630  6630 W SystemServiceRegistry: No service published for: HMDEnterpriseService
02-04 05:13:17.389  6630  6630 D com.techducat.ajo.ui.detail.RoscaDetailFragment: Add member button clicked
02-04 05:13:17.475  6630  7669 D mali_gralloc: register: id=440000344a0, handle=0xb400007475a07970, importpid=6630
02-04 05:13:17.477  6630  7669 D mali_gralloc: register: id=440000344a1, handle=0xb400007475a0c950, importpid=6630
02-04 05:13:17.478  6630  7669 D mali_gralloc: register: id=440000344a2, handle=0xb400007475a0c3b0, importpid=6630
02-04 05:13:17.479  6630  7669 D mali_gralloc: register: id=440000344a3, handle=0xb400007475a0a0d0, importpid=6630
02-04 05:13:17.498  6630  6630 W TextView: onProvideContentCaptureStructure(): calling assumeLayout()
02-04 05:13:22.694  6630  6630 W SystemServiceRegistry: No service published for: HMDEnterpriseService
02-04 05:13:22.700  6630  6630 D com.techducat.ajo.ui.detail.RoscaDetailFragment: Creating new invite link
02-04 05:13:22.701  6630  6630 W WindowOnBackDispatcher: sendCancelIfRunning: isInProgress=false callback=android.view.ViewRootImpl$$ExternalSyntheticLambda11@db899b9
02-04 05:13:22.707  6630  6652 D mali_gralloc: unregister: id=440000344a1, handle=0xb400007475a0c950, base=0x0, importpid=6630, clone_count=0
02-04 05:13:22.708  6630  6652 D mali_gralloc: unregister: id=440000344a2, handle=0xb400007475a0c3b0, base=0x0, importpid=6630, clone_count=0
02-04 05:13:22.708  6630  6652 D HWUI    : endAllActiveAnimators on 0xb400007525b5f310 (RippleDrawable) with handle 0xb400007375a80ea0
02-04 05:13:22.720  6630  7335 D mali_gralloc: unregister: id=440000344a0, handle=0xb400007475a07970, base=0x0, importpid=6630, clone_count=0
02-04 05:13:22.721  6630  7335 D mali_gralloc: unregister: id=440000344a3, handle=0xb400007475a0a0d0, base=0x0, importpid=6630, clone_count=0
02-04 05:13:22.727  6630  6759 D com.techducat.ajo.ui.detail.RoscaDetailFragment: ✓ Invite created: 6afbf629-c08c-4c69-882d-da3b84648fa7, Code: 622E149D
02-04 05:13:23.082  6630  7671 D mali_gralloc: register: id=440000344a4, handle=0xb400007475a0bf30, importpid=6630
02-04 05:13:23.084  6630  7671 D mali_gralloc: register: id=440000344a5, handle=0xb400007475a097d0, importpid=6630
02-04 05:13:23.087  6630  7671 D mali_gralloc: register: id=440000344a6, handle=0xb400007475a073d0, importpid=6630
02-04 05:13:23.090  6630  7671 D mali_gralloc: register: id=440000344a7, handle=0xb400007475a05330, importpid=6630
02-04 05:13:28.380  6630  6630 W SystemServiceRegistry: No service published for: HMDEnterpriseService
02-04 05:13:28.477  6630  6630 W SystemServiceRegistry: No service published for: HMDEnterpriseService
02-04 05:13:28.480  6630  6630 W WindowOnBackDispatcher: sendCancelIfRunning: isInProgress=false callback=android.view.ViewRootImpl$$ExternalSyntheticLambda11@2554cb1
02-04 05:13:28.487  6630  6652 D mali_gralloc: unregister: id=440000344a4, handle=0xb400007475a0bf30, base=0x0, importpid=6630, clone_count=0
02-04 05:13:28.488  6630  6652 D mali_gralloc: unregister: id=440000344a6, handle=0xb400007475a073d0, base=0x0, importpid=6630, clone_count=0
02-04 05:13:28.488  6630  6652 D mali_gralloc: unregister: id=440000344a7, handle=0xb400007475a05330, base=0x0, importpid=6630, clone_count=0
02-04 05:13:28.488  6630  6630 D mali_gralloc: unregister: id=440000344a5, handle=0xb400007475a097d0, base=0x0, importpid=6630, clone_count=0
02-04 05:13:28.503  6630  6630 W InputEventReceiver: Attempted to finish an input event but the input event receiver has already been disposed.
